TN:
SF:script.js
FN:1,fetchData
FN:7,useTodaysDate
FN:16,(anonymous_2)
FN:36,(anonymous_3)
FN:58,(anonymous_4)
FN:64,(anonymous_5)
FN:65,(anonymous_6)
FN:72,(anonymous_7)
FN:73,(anonymous_8)
FN:78,searchProduct
FN:83,(anonymous_10)
FN:104,(anonymous_11)
FN:126,(anonymous_12)
FN:127,(anonymous_13)
FN:135,(anonymous_14)
FN:136,(anonymous_15)
FN:143,editSelectedRecord
FN:147,(anonymous_17)
FN:174,(anonymous_18)
FN:188,(anonymous_19)
FN:192,deletSelectedRecord
FN:208,updateChosenRecord
FN:245,popAddForm
FN:256,(anonymous_23)
FN:269,(anonymous_24)
FN:273,submitNewInv
FN:308,getNewID
FN:311,(anonymous_27)
FNF:28
FNH:2
FNDA:2,fetchData
FNDA:0,useTodaysDate
FNDA:0,(anonymous_2)
FNDA:0,(anonymous_3)
FNDA:0,(anonymous_4)
FNDA:0,(anonymous_5)
FNDA:0,(anonymous_6)
FNDA:0,(anonymous_7)
FNDA:0,(anonymous_8)
FNDA:0,searchProduct
FNDA:0,(anonymous_10)
FNDA:0,(anonymous_11)
FNDA:0,(anonymous_12)
FNDA:0,(anonymous_13)
FNDA:0,(anonymous_14)
FNDA:0,(anonymous_15)
FNDA:0,editSelectedRecord
FNDA:0,(anonymous_17)
FNDA:0,(anonymous_18)
FNDA:0,(anonymous_19)
FNDA:1,deletSelectedRecord
FNDA:0,updateChosenRecord
FNDA:0,popAddForm
FNDA:0,(anonymous_23)
FNDA:0,(anonymous_24)
FNDA:0,submitNewInv
FNDA:0,getNewID
FNDA:0,(anonymous_27)
DA:2,2
DA:3,1
DA:4,1
DA:8,0
DA:9,0
DA:10,0
DA:11,0
DA:12,0
DA:13,0
DA:16,1
DA:17,0
DA:18,0
DA:19,0
DA:20,0
DA:21,0
DA:22,0
DA:35,0
DA:36,0
DA:37,0
DA:38,0
DA:54,0
DA:55,0
DA:57,0
DA:58,0
DA:59,0
DA:62,0
DA:63,0
DA:64,0
DA:65,0
DA:66,0
DA:67,0
DA:71,0
DA:72,0
DA:73,0
DA:74,0
DA:79,0
DA:80,0
DA:81,0
DA:82,0
DA:83,0
DA:84,0
DA:86,0
DA:89,0
DA:102,0
DA:103,0
DA:104,0
DA:105,0
DA:106,0
DA:122,0
DA:123,0
DA:124,0
DA:126,0
DA:127,0
DA:128,0
DA:129,0
DA:134,0
DA:135,0
DA:136,0
DA:137,0
DA:144,0
DA:145,0
DA:146,0
DA:147,0
DA:148,0
DA:150,0
DA:151,0
DA:152,0
DA:153,0
DA:154,0
DA:155,0
DA:157,0
DA:158,0
DA:159,0
DA:160,0
DA:162,0
DA:163,0
DA:166,0
DA:167,0
DA:168,0
DA:169,0
DA:170,0
DA:171,0
DA:172,0
DA:173,0
DA:174,0
DA:175,0
DA:176,0
DA:177,0
DA:178,0
DA:179,0
DA:180,0
DA:183,0
DA:184,0
DA:185,0
DA:188,0
DA:193,1
DA:194,1
DA:195,1
DA:196,1
DA:199,1
DA:200,1
DA:203,0
DA:209,0
DA:210,0
DA:211,0
DA:223,0
DA:224,0
DA:230,0
DA:231,0
DA:234,0
DA:238,1
DA:239,1
DA:240,1
DA:241,1
DA:242,0
DA:246,0
DA:247,0
DA:248,0
DA:249,0
DA:250,0
DA:252,0
DA:253,0
DA:255,0
DA:256,0
DA:257,0
DA:258,0
DA:259,0
DA:260,0
DA:261,0
DA:262,0
DA:263,0
DA:264,0
DA:265,0
DA:269,0
DA:270,0
DA:274,0
DA:275,0
DA:276,0
DA:277,0
DA:278,0
DA:291,0
DA:293,0
DA:294,0
DA:300,0
DA:301,0
DA:304,0
DA:309,0
DA:310,0
DA:311,0
DA:312,0
DA:313,0
DA:314,0
DA:315,0
DA:316,0
DA:320,0
DA:321,0
DA:322,0
LF:157
LH:14
BRDA:151,0,0,0
BRDA:151,0,1,0
BRDA:183,1,0,0
BRDA:183,1,1,0
BRDA:183,2,0,0
BRDA:183,2,1,0
BRDA:183,2,2,0
BRDA:183,2,3,0
BRDA:183,2,4,0
BRDA:183,2,5,0
BRDA:194,3,0,1
BRDA:194,3,1,0
BRDA:199,4,0,1
BRDA:199,4,1,0
BRDA:230,5,0,0
BRDA:230,5,1,0
BRDA:241,6,0,0
BRDA:241,6,1,1
BRDA:263,7,0,0
BRDA:263,7,1,0
BRDA:263,8,0,0
BRDA:263,8,1,0
BRDA:263,8,2,0
BRDA:263,8,3,0
BRDA:263,8,4,0
BRDA:263,8,5,0
BRDA:300,9,0,0
BRDA:300,9,1,0
BRDA:315,10,0,0
BRDA:315,10,1,0
BRF:30
BRH:3
end_of_record
